<?xml version="1.0" encoding="UTF-8"?>
<!-- Generated by org.testng.reporters.JUnitXMLReporter -->
<testsuite hostname="DESKTOP-SHDQMQC" ignored="0" name="GRP-Sanity-Group" tests="3" failures="0" timestamp="29 Mar 2017 10:17:25 GMT" time="0.064" errors="0">
  <testcase name="testTwo" time="0.014" classname="ATTEST.TestBelongsToSingleGroup"/>
  <testcase name="testThree" time="0.002" classname="ATTEST.TestBelongsToSingleGroup"/>
  <testcase name="testOne" time="0.002" classname="ATTEST.TestBelongsToSingleGroup"/>
</testsuite> <!-- GRP-Sanity-Group -->
