<?xml version="1.0" encoding="UTF-8"?>
<!-- Generated by org.testng.reporters.JUnitXMLReporter -->
<testsuite hostname="DESKTOP-SHDQMQC" ignored="2" name="SecondNameTest" tests="1" failures="0" timestamp="30 Mar 2017 10:19:05 GMT" time="0.001" errors="0">
  <testcase name="testTwo" time="0.001" classname="ATTEST.Parameterization"/>
  <testcase name="testThree" time="0.0" classname="ATTEST.Parameterization">
    <ignored/>
  </testcase> <!-- testThree -->
  <testcase name="testOne" time="0.0" classname="ATTEST.Parameterization">
    <ignored/>
  </testcase> <!-- testOne -->
</testsuite> <!-- SecondNameTest -->
