<?xml version="1.0" encoding="UTF-8"?>
<!-- Generated by org.testng.reporters.JUnitXMLReporter -->
<testsuite hostname="DESKTOP-SHDQMQC" ignored="2" name="FirstNameTest" tests="1" failures="0" timestamp="09 May 2017 11:31:29 GMT" time="0.119" errors="0">
  <testcase name="testOne" time="0.015" classname="ATTEST.Parameterization"/>
  <testcase name="testThree" time="0.0" classname="ATTEST.Parameterization">
    <ignored/>
  </testcase> <!-- testThree -->
  <testcase name="testTwo" time="0.0" classname="ATTEST.Parameterization">
    <ignored/>
  </testcase> <!-- testTwo -->
</testsuite> <!-- FirstNameTest -->
