<?xml version="1.0" encoding="UTF-8"?>
<!-- Generated by org.testng.reporters.JUnitXMLReporter -->
<testsuite hostname="DESKTOP-SHDQMQC" ignored="4" name="Regression" tests="2" failures="0" timestamp="29 Mar 2017 13:48:28 GMT" time="0.003" errors="0">
  <testcase name="test3" time="0.001" classname="ATTEST.test"/>
  <testcase name="testTwo" time="0.0" classname="ATTEST.TestBelongsToSingleGroup"/>
  <testcase name="testThree" time="0.0" classname="ATTEST.TestBelongsToSingleGroup">
    <ignored/>
  </testcase> <!-- testThree -->
  <testcase name="test2" time="0.0" classname="ATTEST.test">
    <ignored/>
  </testcase> <!-- test2 -->
  <testcase name="testOne" time="0.0" classname="ATTEST.TestBelongsToSingleGroup">
    <ignored/>
  </testcase> <!-- testOne -->
  <testcase name="test1" time="0.0" classname="ATTEST.test">
    <ignored/>
  </testcase> <!-- test1 -->
</testsuite> <!-- Regression -->
