<?xml version="1.0" encoding="UTF-8"?>
<!-- Generated by org.testng.reporters.JUnitXMLReporter -->
<testsuite hostname="DESKTOP-SHDQMQC" ignored="2" name="Sanity" tests="4" failures="0" timestamp="29 Mar 2017 13:48:28 GMT" time="0.029" errors="0">
  <testcase name="test1" time="0.007" classname="ATTEST.test"/>
  <testcase name="test2" time="0.001" classname="ATTEST.test"/>
  <testcase name="testOne" time="0.0" classname="ATTEST.TestBelongsToSingleGroup"/>
  <testcase name="testThree" time="0.001" classname="ATTEST.TestBelongsToSingleGroup"/>
  <testcase name="test3" time="0.0" classname="ATTEST.test">
    <ignored/>
  </testcase> <!-- test3 -->
  <testcase name="testTwo" time="0.0" classname="ATTEST.TestBelongsToSingleGroup">
    <ignored/>
  </testcase> <!-- testTwo -->
</testsuite> <!-- Sanity -->
